<?xml version="1.0" encoding="UTF-8"?>
<!-- Generated by org.testng.reporters.JUnitXMLReporter -->
<testsuite ignored="1" hostname="SweetHome" failures="0" tests="2" name="Smoke Testing" time="0.054" errors="0" timestamp="2024-07-01T14:09:29 EDT">
  <testcase classname="forpra_Ex.Grouping" name="Tc" time="0.01"/>
  <testcase classname="forpra_Ex.Grouping" name="tc2" time="0.002"/>
  <testcase classname="forpra_Ex.Grouping" name="tc3" time="0.0">
    <ignored/>
  </testcase> <!-- tc3 -->
</testsuite> <!-- Smoke Testing -->
