<?xml version="1.0" encoding="UTF-8"?>
<!-- Generated by org.testng.reporters.JUnitXMLReporter -->
<testsuite ignored="2" hostname="SweetHome" failures="0" tests="1" name=" systemtesting" time="0.004" errors="0" timestamp="2024-07-01T14:09:29 EDT">
  <testcase classname="forpra_Ex.Grouping" name="tc2" time="0.001"/>
  <testcase classname="forpra_Ex.Grouping" name="tc3" time="0.0">
    <ignored/>
  </testcase> <!-- tc3 -->
  <testcase classname="forpra_Ex.Grouping" name="Tc" time="0.0">
    <ignored/>
  </testcase> <!-- Tc -->
</testsuite> <!--  systemtesting -->
