<?xml version="1.0" encoding="UTF-8"?>
<!-- Generated by org.testng.reporters.JUnitXMLReporter -->
<testsuite ignored="1" hostname="SweetHome" failures="0" tests="2" name="Test" time="3.671" errors="0" timestamp="2024-07-01T14:02:08 EDT">
  <testcase classname="forpra_Ex.Grouping" name="Tc" time="3.617"/>
  <testcase classname="forpra_Ex.Grouping" name="tc2" time="0.001"/>
  <testcase classname="forpra_Ex.Grouping" name="tc3" time="0.0">
    <ignored/>
  </testcase> <!-- tc3 -->
</testsuite> <!-- Test -->
