<?xml version="1.0" encoding="UTF-8"?>
<!-- Generated by org.testng.reporters.JUnitXMLReporter -->
<testsuite ignored="2" hostname="SweetHome" failures="0" tests="3" name="Testing system tc" time="0.035" errors="0" timestamp="2024-06-24T07:57:12 EDT">
  <testcase classname="grouping.Group_Class" name="Testcase1" time="0.004"/>
  <testcase classname="grouping.Group_Class" name="Testcase3" time="0.0"/>
  <testcase classname="grouping.Group_Class" name="Testcase4" time="0.001"/>
  <testcase classname="grouping.Group_Class" name="Testcase2" time="0.0">
    <ignored/>
  </testcase> <!-- Testcase2 -->
  <testcase classname="grouping.Group_Class" name="Testcase5" time="0.0">
    <ignored/>
  </testcase> <!-- Testcase5 -->
</testsuite> <!-- Testing system tc -->
