<?xml version="1.0" encoding="UTF-8"?>
<!-- Generated by org.testng.reporters.JUnitXMLReporter -->
<testsuite ignored="0" hostname="SweetHome" failures="0" tests="3" name="Testing on edge" time="59.366" errors="0" timestamp="2024-06-24T23:23:32 EDT">
  <testcase classname="amazonHirerchy.Testcase1" name="Tc1" time="9.146"/>
  <testcase classname="amazonHirerchy.TestCase2" name="Tc2" time="12.927"/>
  <testcase classname="amazonHirerchy.TestCase3" name="Tc3" time="21.98"/>
</testsuite> <!-- Testing on edge -->
