<?xml version="1.0" encoding="UTF-8"?>
<!-- Generated by org.testng.reporters.JUnitXMLReporter -->
<testsuite ignored="0" hostname="SweetHome" failures="0" tests="3" name="Testing on chrome" time="56.687" errors="0" timestamp="2024-06-24T23:23:30 EDT">
  <testcase classname="amazonHirerchy.Testcase1" name="Tc1" time="9.437"/>
  <testcase classname="amazonHirerchy.TestCase2" name="Tc2" time="13.345"/>
  <testcase classname="amazonHirerchy.TestCase3" name="Tc3" time="23.571"/>
</testsuite> <!-- Testing on chrome -->
