<?xml version="1.0" encoding="UTF-8"?>
<testng-results ignored="0" total="1" passed="1" failed="0" skipped="0">
  <reporter-output>
  </reporter-output>
  <suite started-at="2024-07-06T20:43:03 EDT" name="Default suite" finished-at="2024-07-06T20:43:11 EDT" duration-ms="7705">
    <groups>
    </groups>
    <test started-at="2024-07-06T20:43:03 EDT" name="Default test" finished-at="2024-07-06T20:43:11 EDT" duration-ms="7705">
      <class name="JavaScriptExecutorScrolldown">
        <test-method signature="Tc()[pri:0, instance:JavaScriptExecutorScrolldown@1d119efb]" started-at="2024-07-06T20:43:03 EDT" name="Tc" finished-at="2024-07-06T20:43:11 EDT" duration-ms="7660" status="PASS">
          <reporter-output>
          </reporter-output>
        </test-method> <!-- Tc -->
      </class> <!-- JavaScriptExecutorScrolldown -->
    </test> <!-- Default test -->
  </suite> <!-- Default suite -->
</testng-results>
