<?xml version="1.0" encoding="UTF-8"?>
<!-- Generated by org.testng.reporters.JUnitXMLReporter -->
<testsuite ignored="0" hostname="SweetHome" failures="0" tests="3" name="Testing on chrome" time="29.444" errors="0" timestamp="2024-06-23T19:40:16 EDT">
  <testcase classname="hirerchyGoogle.Testcase1" name="Tc" time="4.516"/>
  <testcase classname="hirerchyGoogle.TestCase2" name="Tc2" time="4.446"/>
  <testcase classname="hirerchyGoogle.Testcase3" name="Tc3" time="9.57"/>
</testsuite> <!-- Testing on chrome -->
