<?xml version="1.0" encoding="UTF-8"?>
<!-- Generated by org.testng.reporters.JUnitXMLReporter -->
<testsuite ignored="0" hostname="SweetHome" failures="0" tests="3" name="Testing on edge" time="37.277" errors="0" timestamp="2024-06-23T19:40:24 EDT">
  <testcase classname="hirerchyGoogle.Testcase1" name="Tc" time="0.617"/>
  <testcase classname="hirerchyGoogle.TestCase2" name="Tc2" time="3.44"/>
  <testcase classname="hirerchyGoogle.Testcase3" name="Tc3" time="14.528"/>
</testsuite> <!-- Testing on edge -->
